This is pdfTeX, Version 3.14159265-2.6-1.40.21 (TeX Live 2020/Debian) (preloaded format=latex 2020.11.9)  13 NOV 2020 10:08
entering extended mode
 restricted \write18 enabled.
 %&-line parsing enabled.
**cachelab.tex
(./cachelab.tex
LaTeX2e <2020-02-02> patch level 5
L3 programming layer <2020-07-17>
(/usr/share/texlive/texmf-dist/tex/latex/base/article.cls
Document Class: article 2019/12/20 v1.4l Standard LaTeX document class
(/usr/share/texlive/texmf-dist/tex/latex/base/size11.clo
File: size11.clo 2019/12/20 v1.4l Standard LaTeX file (size option)
)
\c@part=\count168
\c@section=\count169
\c@subsection=\count170
\c@subsubsection=\count171
\c@paragraph=\count172
\c@subparagraph=\count173
\c@figure=\count174
\c@table=\count175
\abovecaptionskip=\skip47
\belowcaptionskip=\skip48
\bibindent=\dimen134
)
(/usr/share/texlive/texmf-dist/tex/latex/psnfss/times.sty
Package: times 2020/03/25 PSNFSS-v9.3 (SPQR) 
)
(/usr/share/texlive/texmf-dist/tex/latex/l3backend/l3backend-dvips.def
File: l3backend-dvips.def 2020-06-29 L3 backend support: dvips
\l__pdf_internal_box=\box45
\g__pdf_backend_object_int=\count176
\l__pdf_backend_content_box=\box46
\l__pdf_backend_model_box=\box47
\g__pdf_backend_annotation_int=\count177
\g__pdf_backend_link_int=\count178
\g__pdf_backend_link_sf_int=\count179
)
(./cachelab.aux)
\openout1 = `cachelab.aux'.

LaTeX Font Info:    Checking defaults for OML/cmm/m/it on input line 14.
LaTeX Font Info:    ... okay on input line 14.
LaTeX Font Info:    Checking defaults for OMS/cmsy/m/n on input line 14.
LaTeX Font Info:    ... okay on input line 14.
LaTeX Font Info:    Checking defaults for OT1/cmr/m/n on input line 14.
LaTeX Font Info:    ... okay on input line 14.
LaTeX Font Info:    Checking defaults for T1/cmr/m/n on input line 14.
LaTeX Font Info:    ... okay on input line 14.
LaTeX Font Info:    Checking defaults for TS1/cmr/m/n on input line 14.
LaTeX Font Info:    ... okay on input line 14.
LaTeX Font Info:    Checking defaults for OMX/cmex/m/n on input line 14.
LaTeX Font Info:    ... okay on input line 14.
LaTeX Font Info:    Checking defaults for U/cmr/m/n on input line 14.
LaTeX Font Info:    ... okay on input line 14.
LaTeX Font Info:    Trying to load font information for OT1+ptm on input line 1
4.
 (/usr/share/texlive/texmf-dist/tex/latex/psnfss/ot1ptm.fd
File: ot1ptm.fd 2001/06/04 font definitions for OT1/ptm.
)
LaTeX Font Info:    External font `cmex10' loaded for size
(Font)              <12> on input line 25.
LaTeX Font Info:    External font `cmex10' loaded for size
(Font)              <8> on input line 25.
LaTeX Font Info:    External font `cmex10' loaded for size
(Font)              <6> on input line 25.
LaTeX Font Info:    Trying to load font information for OT1+pcr on input line 5
1.

(/usr/share/texlive/texmf-dist/tex/latex/psnfss/ot1pcr.fd
File: ot1pcr.fd 2001/06/04 font definitions for OT1/pcr.
) [1

] [2]
LaTeX Font Info:    Trying to load font information for TS1+ptm on input line 1
34.

(/usr/share/texlive/texmf-dist/tex/latex/psnfss/ts1ptm.fd
File: ts1ptm.fd 2001/06/04 font definitions for TS1/ptm.
)
LaTeX Font Info:    External font `cmex10' loaded for size
(Font)              <10.95> on input line 136.
 [3] [4]
LaTeX Font Info:    External font `cmex10' loaded for size
(Font)              <9> on input line 243.
LaTeX Font Info:    External font `cmex10' loaded for size
(Font)              <5> on input line 243.
 [5] [6]
Overfull \hbox (11.0pt too wide) in paragraph at lines 367--367
[]     \OT1/pcr/m/n/10 3 (1,1,1)       9       8       6       9       8       
6  traces/yi2.trace[] 
 []


Overfull \hbox (5.0pt too wide) in paragraph at lines 367--367
[]     \OT1/pcr/m/n/10 3 (4,2,4)       4       5       2       4       5       
2  traces/yi.trace[] 
 []


Overfull \hbox (17.0pt too wide) in paragraph at lines 367--367
[]     \OT1/pcr/m/n/10 3 (2,1,4)       2       3       1       2       3       
1  traces/dave.trace[] 
 []


Overfull \hbox (23.0pt too wide) in paragraph at lines 367--367
[]     \OT1/pcr/m/n/10 3 (2,1,3)     167      71      67     167      71      6
7  traces/trans.trace[] 
 []


Overfull \hbox (23.0pt too wide) in paragraph at lines 367--367
[]     \OT1/pcr/m/n/10 3 (2,2,3)     201      37      29     201      37      2
9  traces/trans.trace[] 
 []


Overfull \hbox (23.0pt too wide) in paragraph at lines 367--367
[]     \OT1/pcr/m/n/10 3 (2,4,3)     212      26      10     212      26      1
0  traces/trans.trace[] 
 []


Overfull \hbox (23.0pt too wide) in paragraph at lines 367--367
[]     \OT1/pcr/m/n/10 3 (5,1,5)     231       7       0     231       7       
0  traces/trans.trace[] 
 []


Overfull \hbox (17.0pt too wide) in paragraph at lines 367--367
[]     \OT1/pcr/m/n/10 6 (5,1,5)  265189   21775   21743  265189   21775   2174
3  traces/long.trace[] 
 []

[7] [8] [9] [10] (./cachelab.aux) ) 
Here is how much of TeX's memory you used:
 515 strings out of 482855
 8503 string characters out of 5956907
 244477 words of memory out of 5000000
 15915 multiletter control sequences out of 15000+600000
 546775 words of font info for 60 fonts, out of 8000000 for 9000
 14 hyphenation exceptions out of 8191
 23i,8n,25p,171b,295s stack positions out of 5000i,500n,10000p,200000b,80000s

Output written on cachelab.dvi (10 pages, 24972 bytes).
